SIMAN Run Controller.

19.75567 Hours>
                                      ARENA Simulation Results
                            rashedkhan1219bd@gmail.com - License: STUDENT

                                  Summary for Replication 1 of 1

Project: Unnamed Project                                             Run execution date : 6/16/2021
Analyst: rashedkhan1219bd@gmail.com                                  Model revision date: 6/16/2021

Replication ended at time      : 19.75567 Hours 
Base Time Units: Hours

                                           TALLY VARIABLES

Identifier                                  Average   Half Width  Minimum    Maximum   Observations
___________________________________________________________________________________________________

Entity 1.VATime                             .12520     (Insuf)    .10843     .14162        122    
Entity 1.NVATime                            .00000     (Insuf)    .00000     .00000        122    
Entity 1.WaitTime                           5.7321     (Insuf)    .24110     10.975        122    
Entity 1.TranTime                           .00000     (Insuf)    .00000     .00000        122    
Entity 1.OtherTime                          .00000     (Insuf)    .00000     .00000        122    
Entity 1.TotalTime                          5.8573     (Insuf)    .35733     11.100        122    
Process 1.Queue.WaitingTime                 3.2766     (Insuf)    .00000     6.2931        176    
Process 2.Queue.WaitingTime                 3.5017     (Insuf)    .20051     6.2986        123    

                                     DISCRETE-CHANGE VARIABLES

Identifier                                  Average   Half Width  Minimum    Maximum   Final Value
___________________________________________________________________________________________________

Entity 1.WIP                                73.636     (Corr)     .00000     134.00     132.00    
Resource 1.NumberBusy                       1.0000     (Insuf)    .00000     1.0000     1.0000    
Resource 1.NumberScheduled                  1.0000     (Insuf)    1.0000     1.0000     1.0000    
Resource 1.Utilization                      1.0000     (Insuf)    .00000     1.0000     1.0000    
Process 1.Queue.NumberInQueue               42.401     (Corr)     .00000     81.000     78.000    
Process 2.Queue.NumberInQueue               30.235     (Insuf)    .00000     55.000     53.000    

                                             OUTPUTS

Identifier                                   Value
_____________________________________________________________

Entity 1.NumberIn                           254.00    
Entity 1.NumberOut                          122.00    
Resource 1.NumberSeized                     299.00    
Resource 1.ScheduledUtilization             1.0000    
System.NumberOut                            122.00    


Simulation run time: 0.12 minutes.
Simulation run complete.
